[2022-11-15 15:58:49,766] {manager.py:480} INFO - Processing files using up to 2 processes at a time 
[2022-11-15 15:58:49,773] {manager.py:481} INFO - Process each file at most once every 30 seconds
[2022-11-15 15:58:49,779] {manager.py:483} INFO - Checking for new files in /opt/airflow/dags every 300 seconds
[2022-11-15 15:58:49,781] {manager.py:690} INFO - Searching for files in /opt/airflow/dags
[2022-11-15 15:58:49,821] {manager.py:693} INFO - There are 2 files in /opt/airflow/dags
[2022-11-15 15:58:50,322] {manager.py:809} INFO - 
================================================================================
DAG File Processing Stats

File Path                      PID  Runtime      # DAGs    # Errors  Last Runtime    Last Run
---------------------------  -----  ---------  --------  ----------  --------------  ----------
/opt/airflow/dags/Spark.py     127  0.17s             0           0
/opt/airflow/dags/sensor.py    125  0.20s             0           0
================================================================================
[2022-11-15 15:59:20,614] {manager.py:809} INFO - 
================================================================================
DAG File Processing Stats

File Path                    PID    Runtime      # DAGs    # Errors  Last Runtime    Last Run
---------------------------  -----  ---------  --------  ----------  --------------  -------------------
/opt/airflow/dags/Spark.py                            0           1  10.09s          2022-11-15T15:59:00
/opt/airflow/dags/sensor.py                           0           1  0.69s           2022-11-15T15:59:19
================================================================================
[2022-11-15 15:59:50,557] {manager.py:511} INFO - DAG Prueba12523 is missing and will be deactivated.
[2022-11-15 15:59:50,581] {manager.py:521} INFO - Deactivated 1 DAGs which are no longer present in file.
[2022-11-15 15:59:51,177] {manager.py:809} INFO - 
================================================================================
DAG File Processing Stats

File Path                    PID    Runtime      # DAGs    # Errors  Last Runtime    Last Run
---------------------------  -----  ---------  --------  ----------  --------------  -------------------
/opt/airflow/dags/Spark.py                            0           1  5.64s           2022-11-15T15:59:36
/opt/airflow/dags/sensor.py                           0           1  2.91s           2022-11-15T15:59:30
================================================================================
[2022-11-15 16:00:21,714] {manager.py:809} INFO - 
================================================================================
DAG File Processing Stats

File Path                    PID    Runtime      # DAGs    # Errors  Last Runtime    Last Run
---------------------------  -----  ---------  --------  ----------  --------------  -------------------
/opt/airflow/dags/Spark.py                            0           1  2.74s           2022-11-15T16:00:09
/opt/airflow/dags/sensor.py                           0           1  0.60s           2022-11-15T16:00:15
================================================================================
[2022-11-15 16:00:51,896] {manager.py:809} INFO - 
================================================================================
DAG File Processing Stats

File Path                    PID    Runtime      # DAGs    # Errors  Last Runtime    Last Run
---------------------------  -----  ---------  --------  ----------  --------------  -------------------
/opt/airflow/dags/Spark.py                            0           1  2.30s           2022-11-15T16:00:41
/opt/airflow/dags/sensor.py                           0           1  0.59s           2022-11-15T16:00:28
================================================================================
[2022-11-15 16:01:22,542] {manager.py:809} INFO - 
================================================================================
DAG File Processing Stats

File Path                    PID    Runtime      # DAGs    # Errors  Last Runtime    Last Run
---------------------------  -----  ---------  --------  ----------  --------------  -------------------
/opt/airflow/dags/Spark.py                            0           1  2.47s           2022-11-15T16:01:14
/opt/airflow/dags/sensor.py                           0           1  2.44s           2022-11-15T16:01:18
================================================================================
[2022-11-15 16:01:52,761] {manager.py:809} INFO - 
================================================================================
DAG File Processing Stats

File Path                    PID    Runtime      # DAGs    # Errors  Last Runtime    Last Run
---------------------------  -----  ---------  --------  ----------  --------------  -------------------
/opt/airflow/dags/Spark.py                            0           1  2.99s           2022-11-15T16:01:47
/opt/airflow/dags/sensor.py                           0           1  2.01s           2022-11-15T16:01:50
================================================================================
[2022-11-15 16:02:22,872] {manager.py:809} INFO - 
================================================================================
DAG File Processing Stats

File Path                    PID    Runtime      # DAGs    # Errors  Last Runtime    Last Run
---------------------------  -----  ---------  --------  ----------  --------------  -------------------
/opt/airflow/dags/Spark.py                            0           1  2.75s           2022-11-15T16:02:20
/opt/airflow/dags/sensor.py                           0           1  1.76s           2022-11-15T16:02:22
================================================================================
[2022-11-15 16:02:52,931] {manager.py:809} INFO - 
================================================================================
DAG File Processing Stats

File Path                      PID  Runtime      # DAGs    # Errors  Last Runtime    Last Run
---------------------------  -----  ---------  --------  ----------  --------------  -------------------
/opt/airflow/dags/Spark.py     442  2.04s             0           1  2.75s           2022-11-15T16:02:20
/opt/airflow/dags/sensor.py                           0           1  2.06s           2022-11-15T16:02:42
================================================================================
[2022-11-15 16:03:22,984] {manager.py:809} INFO - 
================================================================================
DAG File Processing Stats

File Path                    PID    Runtime      # DAGs    # Errors  Last Runtime    Last Run
---------------------------  -----  ---------  --------  ----------  --------------  -------------------
/opt/airflow/dags/Spark.py                            0           1  2.20s           2022-11-15T16:02:53
/opt/airflow/dags/sensor.py                           0           1  1.90s           2022-11-15T16:03:14
================================================================================
[2022-11-15 16:03:50,766] {manager.py:690} INFO - Searching for files in /opt/airflow/dags
[2022-11-15 16:03:50,793] {manager.py:693} INFO - There are 2 files in /opt/airflow/dags
[2022-11-15 16:03:53,838] {manager.py:809} INFO - 
================================================================================
DAG File Processing Stats

File Path                    PID    Runtime      # DAGs    # Errors  Last Runtime    Last Run
---------------------------  -----  ---------  --------  ----------  --------------  -------------------
/opt/airflow/dags/Spark.py                            0           1  2.38s           2022-11-15T16:03:25
/opt/airflow/dags/sensor.py                           0           1  2.03s           2022-11-15T16:03:40
================================================================================
[2022-11-15 16:04:23,923] {manager.py:809} INFO - 
================================================================================
DAG File Processing Stats

File Path                    PID    Runtime      # DAGs    # Errors  Last Runtime    Last Run
---------------------------  -----  ---------  --------  ----------  --------------  -------------------
/opt/airflow/dags/Spark.py                            0           1  2.73s           2022-11-15T16:03:58
/opt/airflow/dags/sensor.py                           0           1  2.19s           2022-11-15T16:04:17
================================================================================
[2022-11-15 16:04:54,167] {manager.py:809} INFO - 
================================================================================
DAG File Processing Stats

File Path                    PID    Runtime      # DAGs    # Errors  Last Runtime    Last Run
---------------------------  -----  ---------  --------  ----------  --------------  -------------------
/opt/airflow/dags/Spark.py                            0           1  2.92s           2022-11-15T16:04:31
/opt/airflow/dags/sensor.py                           0           1  2.24s           2022-11-15T16:04:35
================================================================================
[2022-11-15 16:05:24,222] {manager.py:809} INFO - 
================================================================================
DAG File Processing Stats

File Path                    PID    Runtime      # DAGs    # Errors  Last Runtime    Last Run
---------------------------  -----  ---------  --------  ----------  --------------  -------------------
/opt/airflow/dags/Spark.py                            0           1  4.80s           2022-11-15T16:05:07
/opt/airflow/dags/sensor.py                           0           1  2.16s           2022-11-15T16:05:23
================================================================================
[2022-11-15 16:05:54,519] {manager.py:809} INFO - 
================================================================================
DAG File Processing Stats

File Path                    PID    Runtime      # DAGs    # Errors  Last Runtime    Last Run
---------------------------  -----  ---------  --------  ----------  --------------  -------------------
/opt/airflow/dags/Spark.py                            0           1  2.62s           2022-11-15T16:05:39
/opt/airflow/dags/sensor.py                           0           1  0.49s           2022-11-15T16:05:52
================================================================================
[2022-11-15 16:06:25,511] {manager.py:809} INFO - 
================================================================================
DAG File Processing Stats

File Path                    PID    Runtime      # DAGs    # Errors  Last Runtime    Last Run
---------------------------  -----  ---------  --------  ----------  --------------  -------------------
/opt/airflow/dags/Spark.py                            0           1  2.88s           2022-11-15T16:06:13
/opt/airflow/dags/sensor.py                           0           1  1.73s           2022-11-15T16:06:14
================================================================================
[2022-11-15 16:06:55,657] {manager.py:809} INFO - 
================================================================================
DAG File Processing Stats

File Path                    PID    Runtime      # DAGs    # Errors  Last Runtime    Last Run
---------------------------  -----  ---------  --------  ----------  --------------  -------------------
/opt/airflow/dags/Spark.py                            0           1  2.69s           2022-11-15T16:06:46
/opt/airflow/dags/sensor.py                           0           1  1.91s           2022-11-15T16:06:46
================================================================================
[2022-11-15 16:07:25,867] {manager.py:809} INFO - 
================================================================================
DAG File Processing Stats

File Path                    PID    Runtime      # DAGs    # Errors  Last Runtime    Last Run
---------------------------  -----  ---------  --------  ----------  --------------  -------------------
/opt/airflow/dags/Spark.py                            0           1  2.99s           2022-11-15T16:07:19
/opt/airflow/dags/sensor.py                           0           1  1.77s           2022-11-15T16:07:18
================================================================================
[2022-11-15 16:07:56,626] {manager.py:809} INFO - 
================================================================================
DAG File Processing Stats

File Path                    PID    Runtime      # DAGs    # Errors  Last Runtime    Last Run
---------------------------  -----  ---------  --------  ----------  --------------  -------------------
/opt/airflow/dags/Spark.py                            0           1  2.86s           2022-11-15T16:07:52
/opt/airflow/dags/sensor.py                           0           1  2.11s           2022-11-15T16:07:50
================================================================================
[2022-11-15 16:08:27,379] {manager.py:809} INFO - 
================================================================================
DAG File Processing Stats

File Path                      PID  Runtime      # DAGs    # Errors  Last Runtime    Last Run
---------------------------  -----  ---------  --------  ----------  --------------  -------------------
/opt/airflow/dags/Spark.py     903  4.41s             0           1  2.86s           2022-11-15T16:07:52
/opt/airflow/dags/sensor.py    891  6.50s             0           1  2.11s           2022-11-15T16:07:50
================================================================================
[2022-11-15 16:08:51,289] {manager.py:690} INFO - Searching for files in /opt/airflow/dags
[2022-11-15 16:08:51,314] {manager.py:693} INFO - There are 2 files in /opt/airflow/dags
[2022-11-15 16:08:57,588] {manager.py:809} INFO - 
================================================================================
DAG File Processing Stats

File Path                    PID    Runtime      # DAGs    # Errors  Last Runtime    Last Run
---------------------------  -----  ---------  --------  ----------  --------------  -------------------
/opt/airflow/dags/Spark.py                            0           1  8.11s           2022-11-15T16:08:31
/opt/airflow/dags/sensor.py                           0           1  7.41s           2022-11-15T16:08:28
================================================================================
[2022-11-15 16:09:28,482] {manager.py:809} INFO - 
================================================================================
DAG File Processing Stats

File Path                    PID    Runtime      # DAGs    # Errors  Last Runtime    Last Run
---------------------------  -----  ---------  --------  ----------  --------------  -------------------
/opt/airflow/dags/Spark.py                            0           1  2.15s           2022-11-15T16:09:03
/opt/airflow/dags/sensor.py                           0           1  1.85s           2022-11-15T16:09:00
================================================================================
[2022-11-15 16:09:58,707] {manager.py:809} INFO - 
================================================================================
DAG File Processing Stats

File Path                    PID    Runtime      # DAGs    # Errors  Last Runtime    Last Run
---------------------------  -----  ---------  --------  ----------  --------------  -------------------
/opt/airflow/dags/Spark.py                            0           1  2.31s           2022-11-15T16:09:35
/opt/airflow/dags/sensor.py                           0           1  1.60s           2022-11-15T16:09:32
================================================================================
[2022-11-15 16:10:28,801] {manager.py:809} INFO - 
================================================================================
DAG File Processing Stats

File Path                    PID    Runtime      # DAGs    # Errors  Last Runtime    Last Run
---------------------------  -----  ---------  --------  ----------  --------------  -------------------
/opt/airflow/dags/Spark.py                            0           1  2.62s           2022-11-15T16:10:08
/opt/airflow/dags/sensor.py                           0           1  1.69s           2022-11-15T16:10:04
================================================================================
[2022-11-15 16:10:58,993] {manager.py:809} INFO - 
================================================================================
DAG File Processing Stats

File Path                    PID    Runtime      # DAGs    # Errors  Last Runtime    Last Run
---------------------------  -----  ---------  --------  ----------  --------------  -------------------
/opt/airflow/dags/Spark.py                            0           1  1.98s           2022-11-15T16:10:40
/opt/airflow/dags/sensor.py                           0           1  1.57s           2022-11-15T16:10:36
================================================================================
[2022-11-15 16:11:29,606] {manager.py:809} INFO - 
================================================================================
DAG File Processing Stats

File Path                    PID    Runtime      # DAGs    # Errors  Last Runtime    Last Run
---------------------------  -----  ---------  --------  ----------  --------------  -------------------
/opt/airflow/dags/Spark.py                            0           1  3.62s           2022-11-15T16:11:14
/opt/airflow/dags/sensor.py                           0           1  1.52s           2022-11-15T16:11:07
================================================================================
[2022-11-15 16:11:59,898] {manager.py:809} INFO - 
================================================================================
DAG File Processing Stats

File Path                    PID    Runtime      # DAGs    # Errors  Last Runtime    Last Run
---------------------------  -----  ---------  --------  ----------  --------------  -------------------
/opt/airflow/dags/Spark.py                            0           1  3.05s           2022-11-15T16:11:47
/opt/airflow/dags/sensor.py                           0           1  1.61s           2022-11-15T16:11:40
================================================================================
[2022-11-15 16:12:30,252] {manager.py:809} INFO - 
================================================================================
DAG File Processing Stats

File Path                    PID    Runtime      # DAGs    # Errors  Last Runtime    Last Run
---------------------------  -----  ---------  --------  ----------  --------------  -------------------
/opt/airflow/dags/Spark.py                            0           1  2.63s           2022-11-15T16:12:20
/opt/airflow/dags/sensor.py                           0           1  1.61s           2022-11-15T16:12:12
================================================================================
[2022-11-15 16:13:00,482] {manager.py:809} INFO - 
================================================================================
DAG File Processing Stats

File Path                    PID    Runtime      # DAGs    # Errors  Last Runtime    Last Run
---------------------------  -----  ---------  --------  ----------  --------------  -------------------
/opt/airflow/dags/Spark.py                            0           1  2.21s           2022-11-15T16:12:53
/opt/airflow/dags/sensor.py                           0           1  2.04s           2022-11-15T16:12:44
================================================================================
[2022-11-15 16:13:30,798] {manager.py:809} INFO - 
================================================================================
DAG File Processing Stats

File Path                    PID    Runtime      # DAGs    # Errors  Last Runtime    Last Run
---------------------------  -----  ---------  --------  ----------  --------------  -------------------
/opt/airflow/dags/Spark.py                            0           1  2.73s           2022-11-15T16:13:26
/opt/airflow/dags/sensor.py                           0           1  2.11s           2022-11-15T16:13:16
================================================================================
[2022-11-15 16:13:51,642] {manager.py:690} INFO - Searching for files in /opt/airflow/dags
[2022-11-15 16:13:51,663] {manager.py:693} INFO - There are 2 files in /opt/airflow/dags
[2022-11-15 16:14:01,109] {manager.py:809} INFO - 
================================================================================
DAG File Processing Stats

File Path                    PID    Runtime      # DAGs    # Errors  Last Runtime    Last Run
---------------------------  -----  ---------  --------  ----------  --------------  -------------------
/opt/airflow/dags/Spark.py                            0           1  2.38s           2022-11-15T16:13:59
/opt/airflow/dags/sensor.py                           0           1  1.82s           2022-11-15T16:13:48
================================================================================
[2022-11-15 16:14:31,368] {manager.py:809} INFO - 
================================================================================
DAG File Processing Stats

File Path                      PID  Runtime      # DAGs    # Errors  Last Runtime    Last Run
---------------------------  -----  ---------  --------  ----------  --------------  -------------------
/opt/airflow/dags/Spark.py    1405  1.75s             0           1  2.38s           2022-11-15T16:13:59
/opt/airflow/dags/sensor.py                           0           1  3.07s           2022-11-15T16:14:22
================================================================================
[2022-11-15 16:15:01,738] {manager.py:809} INFO - 
================================================================================
DAG File Processing Stats

File Path                    PID    Runtime      # DAGs    # Errors  Last Runtime    Last Run
---------------------------  -----  ---------  --------  ----------  --------------  -------------------
/opt/airflow/dags/Spark.py                            0           1  3.00s           2022-11-15T16:14:32
/opt/airflow/dags/sensor.py                           0           1  3.07s           2022-11-15T16:14:55
================================================================================
[2022-11-15 16:15:32,403] {manager.py:809} INFO - 
================================================================================
DAG File Processing Stats

File Path                    PID    Runtime      # DAGs    # Errors  Last Runtime    Last Run
---------------------------  -----  ---------  --------  ----------  --------------  -------------------
/opt/airflow/dags/Spark.py                            0           1  2.41s           2022-11-15T16:15:05
/opt/airflow/dags/sensor.py                           0           1  1.44s           2022-11-15T16:15:27
================================================================================
[2022-11-15 16:16:02,744] {manager.py:809} INFO - 
================================================================================
DAG File Processing Stats

File Path                    PID    Runtime      # DAGs    # Errors  Last Runtime    Last Run
---------------------------  -----  ---------  --------  ----------  --------------  -------------------
/opt/airflow/dags/Spark.py                            0           1  2.41s           2022-11-15T16:15:37
/opt/airflow/dags/sensor.py                           0           1  1.19s           2022-11-15T16:15:58
================================================================================
[2022-11-15 16:16:33,107] {manager.py:809} INFO - 
================================================================================
DAG File Processing Stats

File Path                    PID    Runtime      # DAGs    # Errors  Last Runtime    Last Run
---------------------------  -----  ---------  --------  ----------  --------------  -------------------
/opt/airflow/dags/Spark.py                            0           1  3.62s           2022-11-15T16:16:11
/opt/airflow/dags/sensor.py                           0           1  1.27s           2022-11-15T16:16:30
================================================================================
[2022-11-15 16:17:03,499] {manager.py:809} INFO - 
================================================================================
DAG File Processing Stats

File Path                    PID    Runtime      # DAGs    # Errors  Last Runtime    Last Run
---------------------------  -----  ---------  --------  ----------  --------------  -------------------
/opt/airflow/dags/Spark.py                            0           1  2.56s           2022-11-15T16:16:44
/opt/airflow/dags/sensor.py                           0           1  1.29s           2022-11-15T16:17:01
================================================================================
[2022-11-15 16:17:33,971] {manager.py:809} INFO - 
================================================================================
DAG File Processing Stats

File Path                      PID  Runtime      # DAGs    # Errors  Last Runtime    Last Run
---------------------------  -----  ---------  --------  ----------  --------------  -------------------
/opt/airflow/dags/Spark.py                            0           1  2.29s           2022-11-15T16:17:17
/opt/airflow/dags/sensor.py   1638  2.04s             0           1  1.29s           2022-11-15T16:17:01
================================================================================
[2022-11-15 16:18:04,236] {manager.py:809} INFO - 
================================================================================
DAG File Processing Stats

File Path                      PID  Runtime      # DAGs    # Errors  Last Runtime    Last Run
---------------------------  -----  ---------  --------  ----------  --------------  -------------------
/opt/airflow/dags/Spark.py                            0           1  2.54s           2022-11-15T16:17:49
/opt/airflow/dags/sensor.py   1682  0.01s             0           1  2.15s           2022-11-15T16:17:34
================================================================================
[2022-11-15 16:18:34,715] {manager.py:809} INFO - 
================================================================================
DAG File Processing Stats

File Path                    PID    Runtime      # DAGs    # Errors  Last Runtime    Last Run
---------------------------  -----  ---------  --------  ----------  --------------  -------------------
/opt/airflow/dags/Spark.py                            0           1  2.54s           2022-11-15T16:18:22
/opt/airflow/dags/sensor.py                           0           1  1.27s           2022-11-15T16:18:05
================================================================================
[2022-11-15 16:18:52,081] {manager.py:690} INFO - Searching for files in /opt/airflow/dags
[2022-11-15 16:18:52,114] {manager.py:693} INFO - There are 2 files in /opt/airflow/dags
[2022-11-15 16:19:04,777] {manager.py:809} INFO - 
================================================================================
DAG File Processing Stats

File Path                    PID    Runtime      # DAGs    # Errors  Last Runtime    Last Run
---------------------------  -----  ---------  --------  ----------  --------------  -------------------
/opt/airflow/dags/Spark.py                            0           1  2.56s           2022-11-15T16:18:55
/opt/airflow/dags/sensor.py                           0           1  1.32s           2022-11-15T16:18:37
================================================================================
[2022-11-15 16:19:34,806] {manager.py:809} INFO - 
================================================================================
DAG File Processing Stats

File Path                    PID    Runtime      # DAGs    # Errors  Last Runtime    Last Run
---------------------------  -----  ---------  --------  ----------  --------------  -------------------
/opt/airflow/dags/Spark.py                            0           1  2.80s           2022-11-15T16:19:28
/opt/airflow/dags/sensor.py                           0           1  1.50s           2022-11-15T16:19:08
================================================================================
[2022-11-15 16:20:04,835] {manager.py:809} INFO - 
================================================================================
DAG File Processing Stats

File Path                    PID    Runtime      # DAGs    # Errors  Last Runtime    Last Run
---------------------------  -----  ---------  --------  ----------  --------------  -------------------
/opt/airflow/dags/Spark.py                            0           1  2.81s           2022-11-15T16:20:01
/opt/airflow/dags/sensor.py                           0           1  1.63s           2022-11-15T16:19:40
================================================================================
[2022-11-15 16:20:34,967] {manager.py:809} INFO - 
================================================================================
DAG File Processing Stats

File Path                    PID    Runtime      # DAGs    # Errors  Last Runtime    Last Run
---------------------------  -----  ---------  --------  ----------  --------------  -------------------
/opt/airflow/dags/Spark.py                            0           1  2.95s           2022-11-15T16:20:34
/opt/airflow/dags/sensor.py                           0           1  1.39s           2022-11-15T16:20:12
================================================================================
[2022-11-15 16:21:05,427] {manager.py:809} INFO - 
================================================================================
DAG File Processing Stats

File Path                      PID  Runtime      # DAGs    # Errors  Last Runtime    Last Run
---------------------------  -----  ---------  --------  ----------  --------------  -------------------
/opt/airflow/dags/Spark.py    1921  0.01s             0           1  2.95s           2022-11-15T16:20:34
/opt/airflow/dags/sensor.py                           0           1  1.37s           2022-11-15T16:20:43
================================================================================
[2022-11-15 16:27:07,068] {manager.py:480} INFO - Processing files using up to 2 processes at a time 
[2022-11-15 16:27:07,086] {manager.py:481} INFO - Process each file at most once every 30 seconds
[2022-11-15 16:27:07,095] {manager.py:483} INFO - Checking for new files in /opt/airflow/dags every 300 seconds
[2022-11-15 16:27:07,098] {manager.py:690} INFO - Searching for files in /opt/airflow/dags
[2022-11-15 16:27:07,150] {manager.py:693} INFO - There are 2 files in /opt/airflow/dags
[2022-11-15 16:27:07,945] {manager.py:809} INFO - 
================================================================================
DAG File Processing Stats

File Path                      PID  Runtime      # DAGs    # Errors  Last Runtime    Last Run
---------------------------  -----  ---------  --------  ----------  --------------  ----------
/opt/airflow/dags/Spark.py     130  0.20s             0           0
/opt/airflow/dags/sensor.py    128  0.24s             0           0
================================================================================
[2022-11-15 16:27:12,394] {manager.py:462} INFO - Exiting gracefully upon receiving signal 15
[2022-11-15 16:27:12,396] {manager.py:462} INFO - Exiting gracefully upon receiving signal 15
[2022-11-15 16:27:12,411] {manager.py:462} INFO - Exiting gracefully upon receiving signal 15
[2022-11-15 16:27:13,792] {manager.py:462} INFO - Exiting gracefully upon receiving signal 15
[2022-11-15 16:27:14,908] {manager.py:462} INFO - Exiting gracefully upon receiving signal 15
[2022-11-15 16:27:16,022] {manager.py:462} INFO - Exiting gracefully upon receiving signal 15
[2022-11-15 16:28:47,862] {manager.py:480} INFO - Processing files using up to 2 processes at a time 
[2022-11-15 16:28:47,868] {manager.py:481} INFO - Process each file at most once every 30 seconds
[2022-11-15 16:28:47,871] {manager.py:483} INFO - Checking for new files in /opt/airflow/dags every 300 seconds
[2022-11-15 16:28:47,873] {manager.py:690} INFO - Searching for files in /opt/airflow/dags
[2022-11-15 16:28:47,925] {manager.py:693} INFO - There are 2 files in /opt/airflow/dags
[2022-11-15 16:28:48,468] {manager.py:809} INFO - 
================================================================================
DAG File Processing Stats

File Path                      PID  Runtime      # DAGs    # Errors  Last Runtime    Last Run
---------------------------  -----  ---------  --------  ----------  --------------  ----------
/opt/airflow/dags/Spark.py     113  0.08s             0           0
/opt/airflow/dags/sensor.py    111  0.09s             0           0
================================================================================
[2022-11-15 16:29:18,562] {manager.py:809} INFO - 
================================================================================
DAG File Processing Stats

File Path                    PID    Runtime      # DAGs    # Errors  Last Runtime    Last Run
---------------------------  -----  ---------  --------  ----------  --------------  -------------------
/opt/airflow/dags/Spark.py                            1           0  25.86s          2022-11-15T16:29:14
/opt/airflow/dags/sensor.py                           1           0  29.19s          2022-11-15T16:29:17
================================================================================
[2022-11-15 16:29:48,685] {manager.py:809} INFO - 
================================================================================
DAG File Processing Stats

File Path                      PID  Runtime      # DAGs    # Errors  Last Runtime    Last Run
---------------------------  -----  ---------  --------  ----------  --------------  -------------------
/opt/airflow/dags/Spark.py     165  4.08s             1           0  25.86s          2022-11-15T16:29:14
/opt/airflow/dags/sensor.py    168  1.03s             1           0  29.19s          2022-11-15T16:29:17
================================================================================
[2022-11-15 16:30:18,916] {manager.py:809} INFO - 
================================================================================
DAG File Processing Stats

File Path                    PID    Runtime      # DAGs    # Errors  Last Runtime    Last Run
---------------------------  -----  ---------  --------  ----------  --------------  -------------------
/opt/airflow/dags/Spark.py                            1           0  5.15s           2022-11-15T16:29:49
/opt/airflow/dags/sensor.py                           1           0  3.64s           2022-11-15T16:29:51
================================================================================
[2022-11-15 16:30:49,029] {manager.py:809} INFO - 
================================================================================
DAG File Processing Stats

File Path                    PID    Runtime      # DAGs    # Errors  Last Runtime    Last Run
---------------------------  -----  ---------  --------  ----------  --------------  -------------------
/opt/airflow/dags/Spark.py                            1           0  3.59s           2022-11-15T16:30:23
/opt/airflow/dags/sensor.py                           1           0  3.39s           2022-11-15T16:30:24
================================================================================
[2022-11-15 16:31:19,266] {manager.py:809} INFO - 
================================================================================
DAG File Processing Stats

File Path                      PID  Runtime      # DAGs    # Errors  Last Runtime    Last Run
---------------------------  -----  ---------  --------  ----------  --------------  -------------------
/opt/airflow/dags/Spark.py     251  25.23s            1           0  3.59s           2022-11-15T16:30:23
/opt/airflow/dags/sensor.py    253  24.14s            1           0  3.39s           2022-11-15T16:30:24
================================================================================
[2022-11-15 16:31:49,605] {manager.py:511} INFO - DAG DAG_Minio_S3_Wait_for_File is missing and will be deactivated.
[2022-11-15 16:31:49,671] {manager.py:521} INFO - Deactivated 1 DAGs which are no longer present in file.
[2022-11-15 16:31:49,682] {manager.py:809} INFO - 
================================================================================
DAG File Processing Stats

File Path                    PID    Runtime      # DAGs    # Errors  Last Runtime    Last Run
---------------------------  -----  ---------  --------  ----------  --------------  -------------------
/opt/airflow/dags/sensor.py                           0           1  31.15s          2022-11-15T16:31:26
/opt/airflow/dags/Spark.py                            1           0  34.46s          2022-11-15T16:31:28
================================================================================
[2022-11-15 16:32:19,920] {manager.py:809} INFO - 
================================================================================
DAG File Processing Stats

File Path                    PID    Runtime      # DAGs    # Errors  Last Runtime    Last Run
---------------------------  -----  ---------  --------  ----------  --------------  -------------------
/opt/airflow/dags/Spark.py                            1           0  3.65s           2022-11-15T16:32:02
/opt/airflow/dags/sensor.py                           1           0  3.71s           2022-11-15T16:32:00
================================================================================
[2022-11-15 16:32:50,106] {manager.py:809} INFO - 
================================================================================
DAG File Processing Stats

File Path                    PID    Runtime      # DAGs    # Errors  Last Runtime    Last Run
---------------------------  -----  ---------  --------  ----------  --------------  -------------------
/opt/airflow/dags/Spark.py                            1           0  5.29s           2022-11-15T16:32:37
/opt/airflow/dags/sensor.py                           1           0  3.38s           2022-11-15T16:32:34
================================================================================
[2022-11-15 16:33:20,480] {manager.py:809} INFO - 
================================================================================
DAG File Processing Stats

File Path                    PID    Runtime      # DAGs    # Errors  Last Runtime    Last Run
---------------------------  -----  ---------  --------  ----------  --------------  -------------------
/opt/airflow/dags/Spark.py                            1           0  8.22s           2022-11-15T16:33:16
/opt/airflow/dags/sensor.py                           1           0  3.71s           2022-11-15T16:33:07
================================================================================
[2022-11-15 16:33:47,963] {manager.py:690} INFO - Searching for files in /opt/airflow/dags
[2022-11-15 16:33:48,001] {manager.py:693} INFO - There are 2 files in /opt/airflow/dags
[2022-11-15 16:33:50,836] {manager.py:809} INFO - 
================================================================================
DAG File Processing Stats

File Path                      PID  Runtime      # DAGs    # Errors  Last Runtime    Last Run
---------------------------  -----  ---------  --------  ----------  --------------  -------------------
/opt/airflow/dags/Spark.py     428  4.06s             1           0  8.22s           2022-11-15T16:33:16
/opt/airflow/dags/sensor.py                           1           0  2.84s           2022-11-15T16:33:41
================================================================================
[2022-11-15 16:34:21,143] {manager.py:809} INFO - 
================================================================================
DAG File Processing Stats

File Path                      PID  Runtime      # DAGs    # Errors  Last Runtime    Last Run
---------------------------  -----  ---------  --------  ----------  --------------  -------------------
/opt/airflow/dags/Spark.py     482  0.01s             1           0  4.29s           2022-11-15T16:33:51
/opt/airflow/dags/sensor.py                           1           0  4.12s           2022-11-15T16:34:16
================================================================================
[2022-11-15 16:34:51,194] {manager.py:809} INFO - 
================================================================================
DAG File Processing Stats

File Path                    PID    Runtime      # DAGs    # Errors  Last Runtime    Last Run
---------------------------  -----  ---------  --------  ----------  --------------  -------------------
/opt/airflow/dags/Spark.py                            1           0  4.82s           2022-11-15T16:34:25
/opt/airflow/dags/sensor.py                           1           0  2.72s           2022-11-15T16:34:49
================================================================================
[2022-11-15 16:35:21,388] {manager.py:809} INFO - 
================================================================================
DAG File Processing Stats

File Path                      PID  Runtime      # DAGs    # Errors  Last Runtime    Last Run
---------------------------  -----  ---------  --------  ----------  --------------  -------------------
/opt/airflow/dags/Spark.py                            1           0  3.29s           2022-11-15T16:34:59
/opt/airflow/dags/sensor.py    554  2.03s             1           0  2.72s           2022-11-15T16:34:49
================================================================================
[2022-11-15 16:35:51,792] {manager.py:809} INFO - 
================================================================================
DAG File Processing Stats

File Path                    PID    Runtime      # DAGs    # Errors  Last Runtime    Last Run
---------------------------  -----  ---------  --------  ----------  --------------  -------------------
/opt/airflow/dags/Spark.py                            1           0  3.20s           2022-11-15T16:35:32
/opt/airflow/dags/sensor.py                           1           0  3.21s           2022-11-15T16:35:22
================================================================================
[2022-11-15 16:36:21,825] {manager.py:809} INFO - 
================================================================================
DAG File Processing Stats

File Path                    PID    Runtime      # DAGs    # Errors  Last Runtime    Last Run
---------------------------  -----  ---------  --------  ----------  --------------  -------------------
/opt/airflow/dags/Spark.py                            1           0  2.71s           2022-11-15T16:36:05
/opt/airflow/dags/sensor.py                           1           0  3.15s           2022-11-15T16:35:55
================================================================================
[2022-11-15 16:36:51,863] {manager.py:809} INFO - 
================================================================================
DAG File Processing Stats

File Path                    PID    Runtime      # DAGs    # Errors  Last Runtime    Last Run
---------------------------  -----  ---------  --------  ----------  --------------  -------------------
/opt/airflow/dags/Spark.py                            1           0  5.80s           2022-11-15T16:36:41
/opt/airflow/dags/sensor.py                           1           0  3.93s           2022-11-15T16:36:30
================================================================================
[2022-11-15 16:37:22,417] {manager.py:809} INFO - 
================================================================================
DAG File Processing Stats

File Path                    PID    Runtime      # DAGs    # Errors  Last Runtime    Last Run
---------------------------  -----  ---------  --------  ----------  --------------  -------------------
/opt/airflow/dags/Spark.py                            1           0  3.72s           2022-11-15T16:37:16
/opt/airflow/dags/sensor.py                           1           0  3.04s           2022-11-15T16:37:03
================================================================================
[2022-11-15 16:37:52,519] {manager.py:809} INFO - 
================================================================================
DAG File Processing Stats

File Path                    PID    Runtime      # DAGs    # Errors  Last Runtime    Last Run
---------------------------  -----  ---------  --------  ----------  --------------  -------------------
/opt/airflow/dags/Spark.py                            1           0  3.02s           2022-11-15T16:37:49
/opt/airflow/dags/sensor.py                           1           0  2.65s           2022-11-15T16:37:36
================================================================================
[2022-11-15 16:38:22,763] {manager.py:809} INFO - 
================================================================================
DAG File Processing Stats

File Path                      PID  Runtime      # DAGs    # Errors  Last Runtime    Last Run
---------------------------  -----  ---------  --------  ----------  --------------  -------------------
/opt/airflow/dags/Spark.py     778  3.04s             1           0  3.02s           2022-11-15T16:37:49
/opt/airflow/dags/sensor.py                           1           0  3.16s           2022-11-15T16:38:09
================================================================================
[2022-11-15 16:38:47,988] {manager.py:690} INFO - Searching for files in /opt/airflow/dags
[2022-11-15 16:38:48,016] {manager.py:693} INFO - There are 2 files in /opt/airflow/dags
[2022-11-15 16:38:53,089] {manager.py:809} INFO - 
================================================================================
DAG File Processing Stats

File Path                    PID    Runtime      # DAGs    # Errors  Last Runtime    Last Run
---------------------------  -----  ---------  --------  ----------  --------------  -------------------
/opt/airflow/dags/Spark.py                            1           0  4.10s           2022-11-15T16:38:23
/opt/airflow/dags/sensor.py                           1           0  3.76s           2022-11-15T16:38:43
================================================================================
[2022-11-15 16:39:23,224] {manager.py:809} INFO - 
================================================================================
DAG File Processing Stats

File Path                    PID    Runtime      # DAGs    # Errors  Last Runtime    Last Run
---------------------------  -----  ---------  --------  ----------  --------------  -------------------
/opt/airflow/dags/Spark.py                            1           0  3.87s           2022-11-15T16:38:57
/opt/airflow/dags/sensor.py                           1           0  3.37s           2022-11-15T16:39:17
================================================================================
[2022-11-15 16:39:53,516] {manager.py:809} INFO - 
================================================================================
DAG File Processing Stats

File Path                    PID    Runtime      # DAGs    # Errors  Last Runtime    Last Run
---------------------------  -----  ---------  --------  ----------  --------------  -------------------
/opt/airflow/dags/Spark.py                            1           0  3.96s           2022-11-15T16:39:32
/opt/airflow/dags/sensor.py                           1           0  2.38s           2022-11-15T16:39:49
================================================================================
[2022-11-15 16:40:23,893] {manager.py:809} INFO - 
================================================================================
DAG File Processing Stats

File Path                    PID    Runtime      # DAGs    # Errors  Last Runtime    Last Run
---------------------------  -----  ---------  --------  ----------  --------------  -------------------
/opt/airflow/dags/Spark.py                            1           0  3.52s           2022-11-15T16:40:06
/opt/airflow/dags/sensor.py                           1           0  3.02s           2022-11-15T16:40:22
================================================================================
[2022-11-15 16:40:54,140] {manager.py:809} INFO - 
================================================================================
DAG File Processing Stats

File Path                      PID  Runtime      # DAGs    # Errors  Last Runtime    Last Run
---------------------------  -----  ---------  --------  ----------  --------------  -------------------
/opt/airflow/dags/Spark.py                            1           0  3.57s           2022-11-15T16:40:39
/opt/airflow/dags/sensor.py    965  1.08s             1           0  3.02s           2022-11-15T16:40:22
================================================================================
[2022-11-15 16:41:25,007] {manager.py:809} INFO - 
================================================================================
DAG File Processing Stats

File Path                    PID    Runtime      # DAGs    # Errors  Last Runtime    Last Run
---------------------------  -----  ---------  --------  ----------  --------------  -------------------
/opt/airflow/dags/Spark.py                            1           0  3.21s           2022-11-15T16:41:13
/opt/airflow/dags/sensor.py                           1           0  9.72s           2022-11-15T16:41:02
================================================================================
[2022-11-15 16:41:56,607] {manager.py:809} INFO - 
================================================================================
DAG File Processing Stats

File Path                      PID  Runtime      # DAGs    # Errors  Last Runtime    Last Run
---------------------------  -----  ---------  --------  ----------  --------------  -------------------
/opt/airflow/dags/Spark.py    1035  11.16s            1           0  3.21s           2022-11-15T16:41:13
/opt/airflow/dags/sensor.py   1026  23.03s            1           0  9.72s           2022-11-15T16:41:02
================================================================================
[2022-11-15 16:42:23,156] {manager.py:1082} ERROR - Processor for /opt/airflow/dags/sensor.py with PID 1026 started at 2022-11-15T16:41:33.106187+00:00 has timed out, killing it.
[2022-11-15 16:42:27,552] {manager.py:809} INFO - 
================================================================================
DAG File Processing Stats

File Path                      PID  Runtime      # DAGs    # Errors  Last Runtime    Last Run
---------------------------  -----  ---------  --------  ----------  --------------  -------------------
/opt/airflow/dags/Spark.py                            0           1  42.37s          2022-11-15T16:42:27
/opt/airflow/dags/sensor.py   1059  1.15s             1           0  9.72s           2022-11-15T16:41:02
================================================================================
[2022-11-15 16:42:55,756] {manager.py:511} INFO - DAG Prueba12523 is missing and will be deactivated.
[2022-11-15 16:42:55,966] {manager.py:521} INFO - Deactivated 1 DAGs which are no longer present in file.
[2022-11-15 16:42:57,781] {manager.py:809} INFO - 
================================================================================
DAG File Processing Stats

File Path                      PID  Runtime      # DAGs    # Errors  Last Runtime    Last Run
---------------------------  -----  ---------  --------  ----------  --------------  -------------------
/opt/airflow/dags/Spark.py    1099  0.06s             0           1  42.37s          2022-11-15T16:42:27
/opt/airflow/dags/sensor.py   1059  31.35s            1           0  9.72s           2022-11-15T16:41:02
================================================================================
[2022-11-15 16:43:28,471] {manager.py:809} INFO - 
================================================================================
DAG File Processing Stats

File Path                      PID  Runtime      # DAGs    # Errors  Last Runtime    Last Run
---------------------------  -----  ---------  --------  ----------  --------------  -------------------
/opt/airflow/dags/Spark.py    1099  30.77s            0           1  42.37s          2022-11-15T16:42:27
/opt/airflow/dags/sensor.py                           0           1  32.63s          2022-11-15T16:42:58
================================================================================
[2022-11-15 16:43:48,536] {manager.py:690} INFO - Searching for files in /opt/airflow/dags
[2022-11-15 16:43:48,685] {manager.py:693} INFO - There are 2 files in /opt/airflow/dags
[2022-11-15 16:43:56,753] {manager.py:511} INFO - DAG DAG_Minio_S3_Wait_for_File is missing and will be deactivated.
[2022-11-15 16:43:57,022] {manager.py:521} INFO - Deactivated 1 DAGs which are no longer present in file.
[2022-11-15 16:43:59,302] {manager.py:809} INFO - 
================================================================================
DAG File Processing Stats

File Path                      PID  Runtime      # DAGs    # Errors  Last Runtime    Last Run
---------------------------  -----  ---------  --------  ----------  --------------  -------------------
/opt/airflow/dags/Spark.py                            0           1  32.03s          2022-11-15T16:43:29
/opt/airflow/dags/sensor.py   1124  29.74s            0           1  32.63s          2022-11-15T16:42:58
================================================================================
[2022-11-15 16:44:29,644] {manager.py:809} INFO - 
================================================================================
DAG File Processing Stats

File Path                    PID    Runtime      # DAGs    # Errors  Last Runtime    Last Run
---------------------------  -----  ---------  --------  ----------  --------------  -------------------
/opt/airflow/dags/sensor.py                           0           1  32.61s          2022-11-15T16:44:02
/opt/airflow/dags/Spark.py                            1           0  26.47s          2022-11-15T16:44:26
================================================================================
[2022-11-15 16:44:59,860] {manager.py:809} INFO - 
================================================================================
DAG File Processing Stats

File Path                    PID    Runtime      # DAGs    # Errors  Last Runtime    Last Run
---------------------------  -----  ---------  --------  ----------  --------------  -------------------
/opt/airflow/dags/Spark.py                            1           0  2.97s           2022-11-15T16:44:59
/opt/airflow/dags/sensor.py                           1           0  7.00s           2022-11-15T16:44:39
================================================================================
[2022-11-15 16:45:30,407] {manager.py:809} INFO - 
================================================================================
DAG File Processing Stats

File Path                      PID  Runtime      # DAGs    # Errors  Last Runtime    Last Run
---------------------------  -----  ---------  --------  ----------  --------------  -------------------
/opt/airflow/dags/Spark.py    1249  0.05s             1           0  2.97s           2022-11-15T16:44:59
/opt/airflow/dags/sensor.py                           1           0  3.35s           2022-11-15T16:45:13
================================================================================
[2022-11-15 16:46:01,035] {manager.py:809} INFO - 
================================================================================
DAG File Processing Stats

File Path                    PID    Runtime      # DAGs    # Errors  Last Runtime    Last Run
---------------------------  -----  ---------  --------  ----------  --------------  -------------------
/opt/airflow/dags/Spark.py                            1           0  9.19s           2022-11-15T16:45:39
/opt/airflow/dags/sensor.py                           1           0  6.43s           2022-11-15T16:45:50
================================================================================
[2022-11-15 16:46:31,312] {manager.py:809} INFO - 
================================================================================
DAG File Processing Stats

File Path                    PID    Runtime      # DAGs    # Errors  Last Runtime    Last Run
---------------------------  -----  ---------  --------  ----------  --------------  -------------------
/opt/airflow/dags/Spark.py                            1           0  3.40s           2022-11-15T16:46:13
/opt/airflow/dags/sensor.py                           1           0  3.08s           2022-11-15T16:46:23
================================================================================
[2022-11-15 16:47:01,806] {manager.py:809} INFO - 
================================================================================
DAG File Processing Stats

File Path                    PID    Runtime      # DAGs    # Errors  Last Runtime    Last Run
---------------------------  -----  ---------  --------  ----------  --------------  -------------------
/opt/airflow/dags/Spark.py                            1           0  6.68s           2022-11-15T16:46:51
/opt/airflow/dags/sensor.py                           1           0  5.29s           2022-11-15T16:46:58
================================================================================
[2022-11-15 16:47:32,220] {manager.py:809} INFO - 
================================================================================
DAG File Processing Stats

File Path                    PID    Runtime      # DAGs    # Errors  Last Runtime    Last Run
---------------------------  -----  ---------  --------  ----------  --------------  -------------------
/opt/airflow/dags/Spark.py                            1           0  3.27s           2022-11-15T16:47:25
/opt/airflow/dags/sensor.py                           1           0  2.58s           2022-11-15T16:47:31
================================================================================
[2022-11-15 16:48:02,402] {manager.py:809} INFO - 
================================================================================
DAG File Processing Stats

File Path                      PID  Runtime      # DAGs    # Errors  Last Runtime    Last Run
---------------------------  -----  ---------  --------  ----------  --------------  -------------------
/opt/airflow/dags/Spark.py                            1           0  3.29s           2022-11-15T16:47:58
/opt/airflow/dags/sensor.py   1437  0.01s             1           0  2.58s           2022-11-15T16:47:31
================================================================================
[2022-11-15 16:48:32,475] {manager.py:809} INFO - 
================================================================================
DAG File Processing Stats

File Path                    PID    Runtime      # DAGs    # Errors  Last Runtime    Last Run
---------------------------  -----  ---------  --------  ----------  --------------  -------------------
/opt/airflow/dags/Spark.py                            1           0  2.94s           2022-11-15T16:48:31
/opt/airflow/dags/sensor.py                           1           0  2.93s           2022-11-15T16:48:05
================================================================================
[2022-11-15 16:48:48,574] {manager.py:690} INFO - Searching for files in /opt/airflow/dags
[2022-11-15 16:48:48,598] {manager.py:693} INFO - There are 2 files in /opt/airflow/dags
[2022-11-15 16:49:02,733] {manager.py:809} INFO - 
================================================================================
DAG File Processing Stats

File Path                      PID  Runtime      # DAGs    # Errors  Last Runtime    Last Run
---------------------------  -----  ---------  --------  ----------  --------------  -------------------
/opt/airflow/dags/Spark.py    1511  1.01s             1           0  2.94s           2022-11-15T16:48:31
/opt/airflow/dags/sensor.py                           1           0  2.04s           2022-11-15T16:48:37
================================================================================
[2022-11-15 16:49:33,171] {manager.py:809} INFO - 
================================================================================
DAG File Processing Stats

File Path                    PID    Runtime      # DAGs    # Errors  Last Runtime    Last Run
---------------------------  -----  ---------  --------  ----------  --------------  -------------------
/opt/airflow/dags/Spark.py                            1           0  3.27s           2022-11-15T16:49:04
/opt/airflow/dags/sensor.py                           1           0  2.37s           2022-11-15T16:49:10
================================================================================
[2022-11-15 16:50:03,426] {manager.py:809} INFO - 
================================================================================
DAG File Processing Stats

File Path                    PID    Runtime      # DAGs    # Errors  Last Runtime    Last Run
---------------------------  -----  ---------  --------  ----------  --------------  -------------------
/opt/airflow/dags/Spark.py                            1           0  3.98s           2022-11-15T16:49:39
/opt/airflow/dags/sensor.py                           1           0  2.42s           2022-11-15T16:49:42
================================================================================
[2022-11-15 16:50:33,654] {manager.py:809} INFO - 
================================================================================
DAG File Processing Stats

File Path                    PID    Runtime      # DAGs    # Errors  Last Runtime    Last Run
---------------------------  -----  ---------  --------  ----------  --------------  -------------------
/opt/airflow/dags/Spark.py                            1           0  3.03s           2022-11-15T16:50:12
/opt/airflow/dags/sensor.py                           1           0  2.26s           2022-11-15T16:50:15
================================================================================
[2022-11-15 16:51:03,979] {manager.py:809} INFO - 
================================================================================
DAG File Processing Stats

File Path                    PID    Runtime      # DAGs    # Errors  Last Runtime    Last Run
---------------------------  -----  ---------  --------  ----------  --------------  -------------------
/opt/airflow/dags/Spark.py                            1           0  3.15s           2022-11-15T16:50:45
/opt/airflow/dags/sensor.py                           1           0  3.52s           2022-11-15T16:50:49
================================================================================
[2022-11-15 16:51:34,064] {manager.py:809} INFO - 
================================================================================
DAG File Processing Stats

File Path                    PID    Runtime      # DAGs    # Errors  Last Runtime    Last Run
---------------------------  -----  ---------  --------  ----------  --------------  -------------------
/opt/airflow/dags/Spark.py                            1           0  3.15s           2022-11-15T16:51:19
/opt/airflow/dags/sensor.py                           1           0  2.86s           2022-11-15T16:51:22
================================================================================
[2022-11-15 16:52:04,632] {manager.py:809} INFO - 
================================================================================
DAG File Processing Stats

File Path                    PID    Runtime      # DAGs    # Errors  Last Runtime    Last Run
---------------------------  -----  ---------  --------  ----------  --------------  -------------------
/opt/airflow/dags/Spark.py                            1           0  4.77s           2022-11-15T16:51:54
/opt/airflow/dags/sensor.py                           1           0  3.41s           2022-11-15T16:51:56
================================================================================
[2022-11-15 16:52:35,122] {manager.py:809} INFO - 
================================================================================
DAG File Processing Stats

File Path                    PID    Runtime      # DAGs    # Errors  Last Runtime    Last Run
---------------------------  -----  ---------  --------  ----------  --------------  -------------------
/opt/airflow/dags/Spark.py                            1           0  6.30s           2022-11-15T16:52:31
/opt/airflow/dags/sensor.py                           1           0  5.41s           2022-11-15T16:52:32
================================================================================
[2022-11-15 16:53:05,789] {manager.py:809} INFO - 
================================================================================
DAG File Processing Stats

File Path                      PID  Runtime      # DAGs    # Errors  Last Runtime    Last Run
---------------------------  -----  ---------  --------  ----------  --------------  -------------------
/opt/airflow/dags/Spark.py    1824  4.37s             1           0  6.30s           2022-11-15T16:52:31
/opt/airflow/dags/sensor.py   1827  3.22s             1           0  5.41s           2022-11-15T16:52:32
================================================================================
[2022-11-15 16:53:36,322] {manager.py:809} INFO - 
================================================================================
DAG File Processing Stats

File Path                    PID    Runtime      # DAGs    # Errors  Last Runtime    Last Run
---------------------------  -----  ---------  --------  ----------  --------------  -------------------
/opt/airflow/dags/Spark.py                            1           0  7.56s           2022-11-15T16:53:08
/opt/airflow/dags/sensor.py                           1           0  6.51s           2022-11-15T16:53:09
================================================================================
[2022-11-15 16:53:48,832] {manager.py:690} INFO - Searching for files in /opt/airflow/dags
[2022-11-15 16:53:48,869] {manager.py:693} INFO - There are 2 files in /opt/airflow/dags
